[2026-03-03 22:17:38,024: INFO: main: Logging is implementation]
[2026-03-05 11:33:45,037: INFO: common: yaml file:config\config.yaml loaded sucessesful]
[2026-03-05 11:33:45,042: INFO: common: yaml file:params.yaml loaded sucessesful]
[2026-03-05 11:35:20,660: INFO: common: yaml file:config\config.yaml loaded sucessesful]
[2026-03-05 11:35:20,681: INFO: common: yaml file:params.yaml loaded sucessesful]
[2026-03-05 11:35:47,651: INFO: common: yaml file:config\config.yaml loaded sucessesful]
[2026-03-05 11:35:47,683: INFO: common: yaml file:params.yaml loaded sucessesful]
[2026-03-05 11:40:54,489: INFO: common: yaml file:config\config.yaml loaded sucessesful]
[2026-03-05 11:40:54,493: INFO: common: yaml file:params.yaml loaded sucessesful]
[2026-03-05 11:40:54,495: INFO: common: created dir at:artifacts]
[2026-03-05 11:40:54,500: INFO: common: created dir at:artifacts/data_ingestion]
[2026-03-05 11:42:35,705: INFO: common: yaml file:config\config.yaml loaded sucessesful]
[2026-03-05 11:42:35,710: INFO: common: yaml file:params.yaml loaded sucessesful]
[2026-03-05 11:42:35,714: INFO: common: created dir at:artifacts]
[2026-03-05 11:42:35,718: INFO: common: created dir at:artifacts/data_ingestion]
[2026-03-05 11:44:02,741: INFO: common: yaml file:config\config.yaml loaded sucessesful]
[2026-03-05 11:44:02,746: INFO: common: yaml file:params.yaml loaded sucessesful]
[2026-03-05 11:44:02,748: INFO: common: created dir at:artifacts]
[2026-03-05 11:44:02,752: INFO: common: created dir at:artifacts/data_ingestion]
[2026-03-05 11:44:05,614: INFO: 1538572702: file already downloaded]
[2026-03-05 12:09:00,224: INFO: main: stageData Ingestion stage initiated]
[2026-03-05 12:09:00,227: INFO: common: yaml file:config\config.yaml loaded sucessesful]
[2026-03-05 12:09:00,230: INFO: common: yaml file:params.yaml loaded sucessesful]
[2026-03-05 12:09:00,233: INFO: common: created dir at:artifacts]
[2026-03-05 12:09:00,233: INFO: common: created dir at:artifacts/data_ingestion]
[2026-03-05 12:09:02,646: INFO: Data_ingestion: file already downloaded]
[2026-03-05 12:09:02,995: INFO: main: stageData Ingestion stage completed]
[2026-03-05 13:57:43,543: INFO: common: yaml file:config\config.yaml loaded sucessesful]
[2026-03-05 13:57:43,568: INFO: common: yaml file:params.yaml loaded sucessesful]
[2026-03-05 13:57:43,573: INFO: common: created dir at:artifacts]
[2026-03-05 13:57:43,578: INFO: common: created dir at:artifacts/data_transformation]
[2026-03-05 13:57:44,544: INFO: _client: HTTP Request: HEAD https://huggingface.co/google/pegasus-cnn_dailymail/resolve/main/config.json "HTTP/1.1 307 Temporary Redirect"]
[2026-03-05 13:57:44,547: WARNING: _http: Warning: You are sending unauthenticated requests to the HF Hub. Please set a HF_TOKEN to enable higher rate limits and faster downloads.]
[2026-03-05 13:57:44,560: INFO: _client: HTTP Request: HEAD https://huggingface.co/api/resolve-cache/models/google/pegasus-cnn_dailymail/40d588fdab0cc077b80d950b300bf66ad3c75b92/config.json "HTTP/1.1 200 OK"]
[2026-03-05 13:57:44,584: INFO: _client: HTTP Request: GET https://huggingface.co/api/resolve-cache/models/google/pegasus-cnn_dailymail/40d588fdab0cc077b80d950b300bf66ad3c75b92/config.json "HTTP/1.1 200 OK"]
[2026-03-05 13:57:44,994: INFO: _client: HTTP Request: HEAD https://huggingface.co/google/pegasus-cnn_dailymail/resolve/main/tokenizer_config.json "HTTP/1.1 307 Temporary Redirect"]
[2026-03-05 13:57:45,011: INFO: _client: HTTP Request: HEAD https://huggingface.co/api/resolve-cache/models/google/pegasus-cnn_dailymail/40d588fdab0cc077b80d950b300bf66ad3c75b92/tokenizer_config.json "HTTP/1.1 200 OK"]
[2026-03-05 13:57:45,034: INFO: _client: HTTP Request: GET https://huggingface.co/api/resolve-cache/models/google/pegasus-cnn_dailymail/40d588fdab0cc077b80d950b300bf66ad3c75b92/tokenizer_config.json "HTTP/1.1 200 OK"]
[2026-03-05 13:57:45,316: INFO: _client: HTTP Request: GET https://huggingface.co/api/models/google/pegasus-cnn_dailymail/tree/main/additional_chat_templates?recursive=false&expand=false "HTTP/1.1 404 Not Found"]
[2026-03-05 13:57:45,554: INFO: _client: HTTP Request: GET https://huggingface.co/api/models/google/pegasus-cnn_dailymail/tree/main?recursive=true&expand=false "HTTP/1.1 200 OK"]
[2026-03-05 13:57:45,823: INFO: _client: HTTP Request: HEAD https://huggingface.co/google/pegasus-cnn_dailymail/resolve/main/spiece.model "HTTP/1.1 307 Temporary Redirect"]
[2026-03-05 13:57:45,834: INFO: _client: HTTP Request: HEAD https://huggingface.co/api/resolve-cache/models/google/pegasus-cnn_dailymail/40d588fdab0cc077b80d950b300bf66ad3c75b92/spiece.model "HTTP/1.1 200 OK"]
[2026-03-05 13:57:45,853: INFO: _client: HTTP Request: GET https://huggingface.co/api/resolve-cache/models/google/pegasus-cnn_dailymail/40d588fdab0cc077b80d950b300bf66ad3c75b92/spiece.model "HTTP/1.1 200 OK"]
[2026-03-05 13:57:46,389: INFO: _client: HTTP Request: HEAD https://huggingface.co/google/pegasus-cnn_dailymail/resolve/main/tokenizer.json "HTTP/1.1 404 Not Found"]
[2026-03-05 13:57:46,659: INFO: _client: HTTP Request: HEAD https://huggingface.co/google/pegasus-cnn_dailymail/resolve/main/added_tokens.json "HTTP/1.1 404 Not Found"]
[2026-03-05 13:57:46,896: INFO: _client: HTTP Request: HEAD https://huggingface.co/google/pegasus-cnn_dailymail/resolve/main/special_tokens_map.json "HTTP/1.1 307 Temporary Redirect"]
[2026-03-05 13:57:46,909: INFO: _client: HTTP Request: HEAD https://huggingface.co/api/resolve-cache/models/google/pegasus-cnn_dailymail/40d588fdab0cc077b80d950b300bf66ad3c75b92/special_tokens_map.json "HTTP/1.1 200 OK"]
[2026-03-05 13:57:46,926: INFO: _client: HTTP Request: GET https://huggingface.co/api/resolve-cache/models/google/pegasus-cnn_dailymail/40d588fdab0cc077b80d950b300bf66ad3c75b92/special_tokens_map.json "HTTP/1.1 200 OK"]
[2026-03-05 13:57:47,166: INFO: _client: HTTP Request: HEAD https://huggingface.co/google/pegasus-cnn_dailymail/resolve/main/chat_template.jinja "HTTP/1.1 404 Not Found"]
[2026-03-05 13:59:00,614: INFO: common: yaml file:config\config.yaml loaded sucessesful]
[2026-03-05 13:59:00,620: INFO: common: yaml file:params.yaml loaded sucessesful]
[2026-03-05 13:59:00,622: INFO: common: created dir at:artifacts]
[2026-03-05 13:59:00,626: INFO: common: created dir at:artifacts/data_transformation]
[2026-03-05 13:59:00,897: INFO: _client: HTTP Request: HEAD https://huggingface.co/google/pegasus-cnn_dailymail/resolve/main/config.json "HTTP/1.1 307 Temporary Redirect"]
[2026-03-05 13:59:00,911: INFO: _client: HTTP Request: HEAD https://huggingface.co/api/resolve-cache/models/google/pegasus-cnn_dailymail/40d588fdab0cc077b80d950b300bf66ad3c75b92/config.json "HTTP/1.1 200 OK"]
[2026-03-05 13:59:01,151: INFO: _client: HTTP Request: HEAD https://huggingface.co/google/pegasus-cnn_dailymail/resolve/main/tokenizer_config.json "HTTP/1.1 307 Temporary Redirect"]
[2026-03-05 13:59:01,164: INFO: _client: HTTP Request: HEAD https://huggingface.co/api/resolve-cache/models/google/pegasus-cnn_dailymail/40d588fdab0cc077b80d950b300bf66ad3c75b92/tokenizer_config.json "HTTP/1.1 200 OK"]
[2026-03-05 13:59:01,403: INFO: _client: HTTP Request: GET https://huggingface.co/api/models/google/pegasus-cnn_dailymail/tree/main/additional_chat_templates?recursive=false&expand=false "HTTP/1.1 404 Not Found"]
[2026-03-05 13:59:01,636: INFO: _client: HTTP Request: GET https://huggingface.co/api/models/google/pegasus-cnn_dailymail/tree/main?recursive=true&expand=false "HTTP/1.1 200 OK"]
[2026-03-05 14:02:29,262: INFO: common: yaml file:config\config.yaml loaded sucessesful]
[2026-03-05 14:02:29,266: INFO: common: yaml file:params.yaml loaded sucessesful]
[2026-03-05 14:02:29,270: INFO: common: created dir at:artifacts]
[2026-03-05 14:02:29,273: INFO: common: created dir at:artifacts/data_transformation]
[2026-03-05 14:02:29,569: INFO: _client: HTTP Request: HEAD https://huggingface.co/google/pegasus-cnn_dailymail/resolve/main/config.json "HTTP/1.1 307 Temporary Redirect"]
[2026-03-05 14:02:29,580: INFO: _client: HTTP Request: HEAD https://huggingface.co/api/resolve-cache/models/google/pegasus-cnn_dailymail/40d588fdab0cc077b80d950b300bf66ad3c75b92/config.json "HTTP/1.1 200 OK"]
[2026-03-05 14:02:29,826: INFO: _client: HTTP Request: HEAD https://huggingface.co/google/pegasus-cnn_dailymail/resolve/main/tokenizer_config.json "HTTP/1.1 307 Temporary Redirect"]
[2026-03-05 14:02:29,876: INFO: _client: HTTP Request: HEAD https://huggingface.co/api/resolve-cache/models/google/pegasus-cnn_dailymail/40d588fdab0cc077b80d950b300bf66ad3c75b92/tokenizer_config.json "HTTP/1.1 200 OK"]
[2026-03-05 14:02:30,115: INFO: _client: HTTP Request: GET https://huggingface.co/api/models/google/pegasus-cnn_dailymail/tree/main/additional_chat_templates?recursive=false&expand=false "HTTP/1.1 404 Not Found"]
[2026-03-05 14:02:30,382: INFO: _client: HTTP Request: GET https://huggingface.co/api/models/google/pegasus-cnn_dailymail/tree/main?recursive=true&expand=false "HTTP/1.1 200 OK"]
[2026-03-05 14:03:09,532: INFO: common: yaml file:config\config.yaml loaded sucessesful]
[2026-03-05 14:03:09,536: INFO: common: yaml file:params.yaml loaded sucessesful]
[2026-03-05 14:03:09,541: INFO: common: created dir at:artifacts]
[2026-03-05 14:03:09,546: INFO: common: created dir at:artifacts/data_transformation]
[2026-03-05 14:03:09,840: INFO: _client: HTTP Request: HEAD https://huggingface.co/google/pegasus-cnn_dailymail/resolve/main/config.json "HTTP/1.1 307 Temporary Redirect"]
[2026-03-05 14:03:09,859: INFO: _client: HTTP Request: HEAD https://huggingface.co/api/resolve-cache/models/google/pegasus-cnn_dailymail/40d588fdab0cc077b80d950b300bf66ad3c75b92/config.json "HTTP/1.1 200 OK"]
[2026-03-05 14:03:10,131: INFO: _client: HTTP Request: HEAD https://huggingface.co/google/pegasus-cnn_dailymail/resolve/main/tokenizer_config.json "HTTP/1.1 307 Temporary Redirect"]
[2026-03-05 14:03:10,145: INFO: _client: HTTP Request: HEAD https://huggingface.co/api/resolve-cache/models/google/pegasus-cnn_dailymail/40d588fdab0cc077b80d950b300bf66ad3c75b92/tokenizer_config.json "HTTP/1.1 200 OK"]
[2026-03-05 14:03:10,384: INFO: _client: HTTP Request: GET https://huggingface.co/api/models/google/pegasus-cnn_dailymail/tree/main/additional_chat_templates?recursive=false&expand=false "HTTP/1.1 404 Not Found"]
[2026-03-05 14:03:10,624: INFO: _client: HTTP Request: GET https://huggingface.co/api/models/google/pegasus-cnn_dailymail/tree/main?recursive=true&expand=false "HTTP/1.1 200 OK"]
[2026-03-05 14:05:05,776: INFO: common: yaml file:config\config.yaml loaded sucessesful]
[2026-03-05 14:05:05,782: INFO: common: yaml file:params.yaml loaded sucessesful]
[2026-03-05 14:05:05,787: INFO: common: created dir at:artifacts]
[2026-03-05 14:05:05,791: INFO: common: created dir at:artifacts/data_transformation]
[2026-03-05 14:05:06,083: INFO: _client: HTTP Request: HEAD https://huggingface.co/google/pegasus-cnn_dailymail/resolve/main/config.json "HTTP/1.1 307 Temporary Redirect"]
[2026-03-05 14:05:06,096: INFO: _client: HTTP Request: HEAD https://huggingface.co/api/resolve-cache/models/google/pegasus-cnn_dailymail/40d588fdab0cc077b80d950b300bf66ad3c75b92/config.json "HTTP/1.1 200 OK"]
[2026-03-05 14:05:06,347: INFO: _client: HTTP Request: HEAD https://huggingface.co/google/pegasus-cnn_dailymail/resolve/main/tokenizer_config.json "HTTP/1.1 307 Temporary Redirect"]
[2026-03-05 14:05:06,358: INFO: _client: HTTP Request: HEAD https://huggingface.co/api/resolve-cache/models/google/pegasus-cnn_dailymail/40d588fdab0cc077b80d950b300bf66ad3c75b92/tokenizer_config.json "HTTP/1.1 200 OK"]
[2026-03-05 14:05:06,594: INFO: _client: HTTP Request: GET https://huggingface.co/api/models/google/pegasus-cnn_dailymail/tree/main/additional_chat_templates?recursive=false&expand=false "HTTP/1.1 404 Not Found"]
[2026-03-05 14:05:06,847: INFO: _client: HTTP Request: GET https://huggingface.co/api/models/google/pegasus-cnn_dailymail/tree/main?recursive=true&expand=false "HTTP/1.1 200 OK"]
[2026-03-05 14:06:34,381: INFO: common: yaml file:config\config.yaml loaded sucessesful]
[2026-03-05 14:06:34,386: INFO: common: yaml file:params.yaml loaded sucessesful]
[2026-03-05 14:06:34,389: INFO: common: created dir at:artifacts]
[2026-03-05 14:06:34,391: INFO: common: created dir at:artifacts/data_transformation]
[2026-03-05 14:06:34,678: INFO: _client: HTTP Request: HEAD https://huggingface.co/google/pegasus-cnn_dailymail/resolve/main/config.json "HTTP/1.1 307 Temporary Redirect"]
[2026-03-05 14:06:34,689: INFO: _client: HTTP Request: HEAD https://huggingface.co/api/resolve-cache/models/google/pegasus-cnn_dailymail/40d588fdab0cc077b80d950b300bf66ad3c75b92/config.json "HTTP/1.1 200 OK"]
[2026-03-05 14:06:34,924: INFO: _client: HTTP Request: HEAD https://huggingface.co/google/pegasus-cnn_dailymail/resolve/main/tokenizer_config.json "HTTP/1.1 307 Temporary Redirect"]
[2026-03-05 14:06:34,935: INFO: _client: HTTP Request: HEAD https://huggingface.co/api/resolve-cache/models/google/pegasus-cnn_dailymail/40d588fdab0cc077b80d950b300bf66ad3c75b92/tokenizer_config.json "HTTP/1.1 200 OK"]
[2026-03-05 14:06:35,177: INFO: _client: HTTP Request: GET https://huggingface.co/api/models/google/pegasus-cnn_dailymail/tree/main/additional_chat_templates?recursive=false&expand=false "HTTP/1.1 404 Not Found"]
[2026-03-05 14:06:35,461: INFO: _client: HTTP Request: GET https://huggingface.co/api/models/google/pegasus-cnn_dailymail/tree/main?recursive=true&expand=false "HTTP/1.1 200 OK"]
[2026-03-05 14:06:46,253: INFO: common: yaml file:config\config.yaml loaded sucessesful]
[2026-03-05 14:06:46,259: INFO: common: yaml file:params.yaml loaded sucessesful]
[2026-03-05 14:06:46,263: INFO: common: created dir at:artifacts]
[2026-03-05 14:06:46,269: INFO: common: created dir at:artifacts/data_transformation]
[2026-03-05 14:06:46,551: INFO: _client: HTTP Request: HEAD https://huggingface.co/google/pegasus-cnn_dailymail/resolve/main/config.json "HTTP/1.1 307 Temporary Redirect"]
[2026-03-05 14:06:46,563: INFO: _client: HTTP Request: HEAD https://huggingface.co/api/resolve-cache/models/google/pegasus-cnn_dailymail/40d588fdab0cc077b80d950b300bf66ad3c75b92/config.json "HTTP/1.1 200 OK"]
[2026-03-05 14:06:46,801: INFO: _client: HTTP Request: HEAD https://huggingface.co/google/pegasus-cnn_dailymail/resolve/main/tokenizer_config.json "HTTP/1.1 307 Temporary Redirect"]
[2026-03-05 14:06:46,814: INFO: _client: HTTP Request: HEAD https://huggingface.co/api/resolve-cache/models/google/pegasus-cnn_dailymail/40d588fdab0cc077b80d950b300bf66ad3c75b92/tokenizer_config.json "HTTP/1.1 200 OK"]
[2026-03-05 14:06:47,458: INFO: _client: HTTP Request: GET https://huggingface.co/api/models/google/pegasus-cnn_dailymail/tree/main/additional_chat_templates?recursive=false&expand=false "HTTP/1.1 404 Not Found"]
[2026-03-05 14:06:47,712: INFO: _client: HTTP Request: GET https://huggingface.co/api/models/google/pegasus-cnn_dailymail/tree/main?recursive=true&expand=false "HTTP/1.1 200 OK"]
[2026-03-05 14:19:43,717: INFO: main: stageData Ingestion stage initiated]
[2026-03-05 14:19:43,723: INFO: common: yaml file:config\config.yaml loaded sucessesful]
[2026-03-05 14:19:43,726: INFO: common: yaml file:params.yaml loaded sucessesful]
[2026-03-05 14:19:43,728: INFO: common: created dir at:artifacts]
[2026-03-05 14:19:43,729: ERROR: main: 'ConfigManager' object has no attribute 'getDataIngestionConfig']
Traceback (most recent call last):
  File "C:\Users\YOGA\OneDrive\Documents\AI Projects\Text-Summarizer\main.py", line 10, in <module>
    dataIngestionPipeline.initiateDataIngestion()
  File "C:\Users\YOGA\OneDrive\Documents\AI Projects\Text-Summarizer\src\text_summarizer\pipeline\stage_1_data_ingestion_pipelinr.py", line 13, in initiateDataIngestion
    dataIngestionConfig=config.getDataIngestionConfig()
                        ^^^^^^^^^^^^^^^^^^^^^^^^^^^^^
AttributeError: 'ConfigManager' object has no attribute 'getDataIngestionConfig'
[2026-03-05 14:21:51,171: INFO: main: stageData Ingestion stage initiated]
[2026-03-05 14:21:51,179: INFO: common: yaml file:config\config.yaml loaded sucessesful]
[2026-03-05 14:21:51,179: INFO: common: yaml file:params.yaml loaded sucessesful]
[2026-03-05 14:21:51,179: INFO: common: created dir at:artifacts]
[2026-03-05 14:21:51,179: INFO: common: created dir at:artifacts/data_ingestion]
[2026-03-05 14:21:51,179: INFO: Data_ingestion: file already exits]
[2026-03-05 14:21:51,424: ERROR: main: [Errno 22] Invalid argument: 'artifacts\\data_ingestion\\samsum_dataset\\test\\data-00000-of-00001.arrow']
Traceback (most recent call last):
  File "C:\Users\YOGA\OneDrive\Documents\AI Projects\Text-Summarizer\main.py", line 10, in <module>
    dataIngestionPipeline.initiateDataIngestion()
  File "C:\Users\YOGA\OneDrive\Documents\AI Projects\Text-Summarizer\src\text_summarizer\pipeline\stage_1_data_ingestion_pipelinr.py", line 17, in initiateDataIngestion
    dataIngestion.extractZipFile()
  File "C:\Users\YOGA\OneDrive\Documents\AI Projects\Text-Summarizer\src\text_summarizer\components\Data_ingestion.py", line 27, in extractZipFile
    zipRef.extractall(unzipPath)
  File "C:\Users\YOGA\miniconda3\Lib\zipfile\__init__.py", line 1733, in extractall
    self._extract_member(zipinfo, path, pwd)
  File "C:\Users\YOGA\miniconda3\Lib\zipfile\__init__.py", line 1790, in _extract_member
    open(targetpath, "wb") as target:
    ^^^^^^^^^^^^^^^^^^^^^^
OSError: [Errno 22] Invalid argument: 'artifacts\\data_ingestion\\samsum_dataset\\test\\data-00000-of-00001.arrow'
[2026-03-05 14:30:06,665: INFO: main: stageData Ingestion stage initiated]
[2026-03-05 14:30:06,674: INFO: common: yaml file:config\config.yaml loaded sucessesful]
[2026-03-05 14:30:06,674: INFO: common: yaml file:params.yaml loaded sucessesful]
[2026-03-05 14:30:06,674: INFO: common: created dir at:artifacts]
[2026-03-05 14:30:06,674: INFO: common: created dir at:artifacts/data_ingestion]
[2026-03-05 14:30:06,674: INFO: Data_ingestion: file already exits]
[2026-03-05 14:30:06,815: ERROR: main: [Errno 22] Invalid argument: 'artifacts\\data_ingestion\\samsum_dataset\\test\\data-00000-of-00001.arrow']
Traceback (most recent call last):
  File "C:\Users\YOGA\OneDrive\Documents\AI Projects\Text-Summarizer\main.py", line 10, in <module>
    dataIngestionPipeline.initiateDataIngestion()
  File "C:\Users\YOGA\OneDrive\Documents\AI Projects\Text-Summarizer\src\text_summarizer\pipeline\stage_data_ingestion_pipelinr.py", line 17, in initiateDataIngestion
    dataIngestion.extractZipFile()
  File "C:\Users\YOGA\OneDrive\Documents\AI Projects\Text-Summarizer\src\text_summarizer\components\Data_ingestion.py", line 27, in extractZipFile
    zipRef.extractall(unzipPath)
  File "C:\Users\YOGA\miniconda3\Lib\zipfile\__init__.py", line 1733, in extractall
    self._extract_member(zipinfo, path, pwd)
  File "C:\Users\YOGA\miniconda3\Lib\zipfile\__init__.py", line 1790, in _extract_member
    open(targetpath, "wb") as target:
    ^^^^^^^^^^^^^^^^^^^^^^
OSError: [Errno 22] Invalid argument: 'artifacts\\data_ingestion\\samsum_dataset\\test\\data-00000-of-00001.arrow'
[2026-03-05 14:32:22,724: INFO: main: stageData Ingestion stage initiated]
[2026-03-05 14:32:22,728: INFO: common: yaml file:config\config.yaml loaded sucessesful]
[2026-03-05 14:32:22,728: INFO: common: yaml file:params.yaml loaded sucessesful]
[2026-03-05 14:32:22,730: INFO: common: created dir at:artifacts]
[2026-03-05 14:32:22,733: INFO: common: created dir at:artifacts/data_ingestion]
[2026-03-05 14:32:25,824: INFO: Data_ingestion: file already downloaded]
[2026-03-05 14:32:26,156: INFO: main: stageData Ingestion stage completed]
[2026-03-05 14:32:26,157: INFO: main: stageData Transformation stage initiated]
[2026-03-05 14:32:26,159: INFO: common: yaml file:config\config.yaml loaded sucessesful]
[2026-03-05 14:32:26,161: INFO: common: yaml file:params.yaml loaded sucessesful]
[2026-03-05 14:32:26,162: INFO: common: created dir at:artifacts]
[2026-03-05 14:32:26,165: INFO: common: created dir at:artifacts/data_transformation]
[2026-03-05 14:32:27,218: INFO: _client: HTTP Request: HEAD https://huggingface.co/google/pegasus-cnn_dailymail/resolve/main/config.json "HTTP/1.1 307 Temporary Redirect"]
[2026-03-05 14:32:27,222: WARNING: _http: Warning: You are sending unauthenticated requests to the HF Hub. Please set a HF_TOKEN to enable higher rate limits and faster downloads.]
[2026-03-05 14:32:27,237: INFO: _client: HTTP Request: HEAD https://huggingface.co/api/resolve-cache/models/google/pegasus-cnn_dailymail/40d588fdab0cc077b80d950b300bf66ad3c75b92/config.json "HTTP/1.1 200 OK"]
[2026-03-05 14:32:27,495: INFO: _client: HTTP Request: HEAD https://huggingface.co/google/pegasus-cnn_dailymail/resolve/main/tokenizer_config.json "HTTP/1.1 307 Temporary Redirect"]
[2026-03-05 14:32:27,504: INFO: _client: HTTP Request: HEAD https://huggingface.co/api/resolve-cache/models/google/pegasus-cnn_dailymail/40d588fdab0cc077b80d950b300bf66ad3c75b92/tokenizer_config.json "HTTP/1.1 200 OK"]
[2026-03-05 14:32:27,741: INFO: _client: HTTP Request: GET https://huggingface.co/api/models/google/pegasus-cnn_dailymail/tree/main/additional_chat_templates?recursive=false&expand=false "HTTP/1.1 404 Not Found"]
[2026-03-05 14:32:28,007: INFO: _client: HTTP Request: GET https://huggingface.co/api/models/google/pegasus-cnn_dailymail/tree/main?recursive=true&expand=false "HTTP/1.1 200 OK"]
[2026-03-05 14:32:55,774: INFO: main: stageData Transformation stage completed]
[2026-03-05 14:33:20,544: INFO: main: stageData Ingestion stage initiated]
[2026-03-05 14:33:20,558: INFO: common: yaml file:config\config.yaml loaded sucessesful]
[2026-03-05 14:33:20,558: INFO: common: yaml file:params.yaml loaded sucessesful]
[2026-03-05 14:33:20,562: INFO: common: created dir at:artifacts]
[2026-03-05 14:33:20,564: INFO: common: created dir at:artifacts/data_ingestion]
[2026-03-05 14:33:20,565: INFO: Data_ingestion: file already exits]
[2026-03-05 14:33:20,824: INFO: main: stageData Ingestion stage completed]
[2026-03-05 14:33:20,824: INFO: main: stageData Transformation stage initiated]
[2026-03-05 14:33:20,830: INFO: common: yaml file:config\config.yaml loaded sucessesful]
[2026-03-05 14:33:20,831: INFO: common: yaml file:params.yaml loaded sucessesful]
[2026-03-05 14:33:20,831: INFO: common: created dir at:artifacts]
[2026-03-05 14:33:20,834: INFO: common: created dir at:artifacts/data_transformation]
[2026-03-05 14:33:21,724: INFO: _client: HTTP Request: HEAD https://huggingface.co/google/pegasus-cnn_dailymail/resolve/main/config.json "HTTP/1.1 307 Temporary Redirect"]
[2026-03-05 14:33:21,736: INFO: _client: HTTP Request: HEAD https://huggingface.co/api/resolve-cache/models/google/pegasus-cnn_dailymail/40d588fdab0cc077b80d950b300bf66ad3c75b92/config.json "HTTP/1.1 200 OK"]
[2026-03-05 14:33:21,976: INFO: _client: HTTP Request: HEAD https://huggingface.co/google/pegasus-cnn_dailymail/resolve/main/tokenizer_config.json "HTTP/1.1 307 Temporary Redirect"]
[2026-03-05 14:33:21,984: INFO: _client: HTTP Request: HEAD https://huggingface.co/api/resolve-cache/models/google/pegasus-cnn_dailymail/40d588fdab0cc077b80d950b300bf66ad3c75b92/tokenizer_config.json "HTTP/1.1 200 OK"]
[2026-03-05 14:33:22,220: INFO: _client: HTTP Request: GET https://huggingface.co/api/models/google/pegasus-cnn_dailymail/tree/main/additional_chat_templates?recursive=false&expand=false "HTTP/1.1 404 Not Found"]
[2026-03-05 14:33:22,480: INFO: _client: HTTP Request: GET https://huggingface.co/api/models/google/pegasus-cnn_dailymail/tree/main?recursive=true&expand=false "HTTP/1.1 200 OK"]
[2026-03-05 14:33:28,675: INFO: main: stageData Transformation stage completed]
